{
  "0 debug pnpm:scope": {
    "selected": 1,
    "workspacePrefix": "/Users/scout/Documents/frontEnd/ simplify-react"
  },
  "1 info pnpm": {
    "err": {
      "name": "Error",
      "message": "not found: iu",
      "code": "ENOENT",
      "stack": "Error: not found: iu\n    at getNotFoundError (/usr/local/pnpm-global/5/node_modules/.pnpm/pnpm@7.2.1/node_modules/pnpm/dist/pnpm.cjs:41759:51)\n    at Function.whichSync [as sync] (/usr/local/pnpm-global/5/node_modules/.pnpm/pnpm@7.2.1/node_modules/pnpm/dist/pnpm.cjs:41836:13)\n    at getCommandAbsolutePathSync (/usr/local/pnpm-global/5/node_modules/.pnpm/pnpm@7.2.1/node_modules/pnpm/dist/pnpm.cjs:43401:44)\n    at default_1 (/usr/local/pnpm-global/5/node_modules/.pnpm/pnpm@7.2.1/node_modules/pnpm/dist/pnpm.cjs:43410:32)\n    at /usr/local/pnpm-global/5/node_modules/.pnpm/pnpm@7.2.1/node_modules/pnpm/dist/pnpm.cjs:178873:39"
    }
  },
  "2 error pnpm": {
    "code": "ERR_PNPM_RECURSIVE_EXEC_FIRST_FAIL",
    "prefix": "/Users/scout/Documents/frontEnd/ simplify-react",
    "err": {
      "name": "pnpm",
      "message": "not found: iu",
      "code": "ERR_PNPM_RECURSIVE_EXEC_FIRST_FAIL",
      "stack": "Error: not found: iu\n    at getNotFoundError (/usr/local/pnpm-global/5/node_modules/.pnpm/pnpm@7.2.1/node_modules/pnpm/dist/pnpm.cjs:41759:51)\n    at Function.whichSync [as sync] (/usr/local/pnpm-global/5/node_modules/.pnpm/pnpm@7.2.1/node_modules/pnpm/dist/pnpm.cjs:41836:13)\n    at getCommandAbsolutePathSync (/usr/local/pnpm-global/5/node_modules/.pnpm/pnpm@7.2.1/node_modules/pnpm/dist/pnpm.cjs:43401:44)\n    at default_1 (/usr/local/pnpm-global/5/node_modules/.pnpm/pnpm@7.2.1/node_modules/pnpm/dist/pnpm.cjs:43410:32)\n    at /usr/local/pnpm-global/5/node_modules/.pnpm/pnpm@7.2.1/node_modules/pnpm/dist/pnpm.cjs:178873:39"
    }
  }
}